----- Data source: 200 randomly generated numbers ------
   78  100  100   72  126   44  187   98    1  154  116  122
  132  127   66  121  179  147  171  137  105  164  189  105
  150   85  162  193   58   31   14  135  131  113    7   56
  108  145  154  109   98   21   30  181   99   48  101   78
  146   23   14    2  187    2  106  136   38   67   81   96
   49   94   30  179  159  188  187   66   84   92  126  134
   64  108  114  162  107  167  191   52  189    4    5  127
  157  110   63  147  128   95   42  176  188   23  107   98
   11   45  164   94   88   41   27  151  148   93   64   54
   59   55   57  199   10   61  126  119  122  140   65    1
  186  106  177  173   80   35   71   90   31  186  136  118
   26  114   20  126    6   35  131   16   89  140   15   51
  152   92  121   74  183  137   74  168  194    2   92   73
  188  114  163   18   51   50  135   77  163  106  154  121
  141   84  136  181   23  102  183  175  145  103  200  127
   39   25   46   32   27  138   57  166    3   19  184   54
   20   70   82  182  176   35  102   68
----- 100 random numbers to be searched -------
  116   75  166    8  131   54   21   79   43   53   57  164
   59   90   38   16   10  141   47  100   46   81  132  126
  200  195  165   64  150  110   41   65  184  158   24   67
   11  196   97    5   48  154  120  106  195  110  121    4
   50  120   56   95  152  187   20  103  182  137  166   83
   46  158   99  181   67  122  199   78  117   96   82  116
    1  154  173  195   63   46  199  112  117    6  158   68
  144  130  171   77   66   88  159  111  198    9   43   64
   82   42   93  150

Conducting linear search on unsorted data source ...
Successful searches: 72.00%

Conducting binary search on unsorted data source ...
Successful searches: 0.00%

Conducting linear search on sorted data source ...
Successful searches: 72.00%

Conducting binary search on sorted data source ...
Successful searches: 72.00%
